══════ Test Session started 2026-04-10 23:31 ══════

[F:0024 T:00.000] [PLAYER] AUTO_START phase=Title
[F:0025 T:00.000] [PLAYER] AUTO_START phase=Title
[F:0127 T:01.710] [GAME  ] BEAT 0
[F:0151 T:02.120] [GAME  ] BEAT 1
[F:0174 T:02.520] [GAME  ] BEAT 2
[F:0198 T:02.940] [GAME  ] BEAT 3
[F:0222 T:03.350] [GAME  ] BEAT 4
[F:0246 T:03.750] [GAME  ] BEAT 5
[F:0270 T:04.160] [GAME  ] BEAT 6
[F:0294 T:04.570] [GAME  ] BEAT 7
[F:0318 T:04.980] [GAME  ] BEAT 8
[F:0341 T:05.350] [PLAYER] WAIT delaying 0.857s (aiming for Perfect)
[F:0341 T:05.350] [PLAYER] PERCEIVE obstacle=1 kind=ShapeGate shape=Triangle lane=2 dist=797px
[F:0341 T:05.350] [PLAYER] PLAN action=Triangle+lane react=0.857s arrival=6.617s
[F:0343 T:05.400] [GAME  ] BEAT 9
[F:0367 T:05.800] [GAME  ] BEAT 10
[F:0391 T:06.200] [PLAYER] EXECUTE key_2(Triangle) for obstacle=1
[F:0391 T:06.210] [GAME  ] BEAT 11
[F:0392 T:06.210] [PLAYER] EXECUTE key_d(SwipeRight) for obstacle=1
[F:0411 T:06.550] [GAME  ] COLLISION obstacle=1 kind=ShapeGate result=CLEAR timing=Perfect(0.79)
[F:0414 T:06.580] [PLAYER] WAIT delaying 0.858s (aiming for Perfect)
[F:0414 T:06.580] [PLAYER] PERCEIVE obstacle=2 kind=ShapeGate shape=Triangle lane=-1 dist=797px
[F:0414 T:06.580] [PLAYER] PLAN action=Triangle react=0.858s arrival=7.848s
[F:0415 T:06.620] [GAME  ] BEAT 12
[F:0439 T:07.030] [GAME  ] BEAT 13
[F:0464 T:07.430] [PLAYER] EXECUTE key_2(Triangle) for obstacle=2
[F:0464 T:07.450] [GAME  ] BEAT 14
[F:0483 T:07.770] [GAME  ] COLLISION obstacle=2 kind=ShapeGate result=CLEAR timing=Good(0.72)
[F:0488 T:07.850] [GAME  ] BEAT 15
[F:0511 T:08.230] [PLAYER] WAIT delaying 0.849s (aiming for Perfect)
[F:0511 T:08.230] [PLAYER] PERCEIVE obstacle=1048577 kind=ShapeGate shape=Circle lane=0 dist=797px
[F:0511 T:08.230] [PLAYER] PLAN action=Circle+lane react=0.849s arrival=9.489s
[F:0512 T:08.260] [GAME  ] BEAT 16
[F:0536 T:08.670] [GAME  ] BEAT 17
[F:0560 T:09.060] [PLAYER] EXECUTE key_1(Circle) for obstacle=1048577
[F:0560 T:09.080] [GAME  ] BEAT 18
[F:0561 T:09.080] [PLAYER] EXECUTE key_a(SwipeLeft) for obstacle=1048577
[F:0569 T:09.210] [PLAYER] EXECUTE key_a(SwipeLeft) for obstacle=1048577
