══════ Test Session started 2026-04-11 00:14 ══════

[F:0025 T:00.000] [PLAYER] AUTO_START phase=Title
[F:0026 T:00.000] [PLAYER] AUTO_START phase=Title
[F:0128 T:01.710] [GAME  ] BEAT 0
[F:0151 T:02.080] [PLAYER] WAIT delaying 0.845s (aiming for Perfect shape press)
[F:0151 T:02.080] [PLAYER] PERCEIVE obstacle=1 kind=ShapeGate shape=Triangle lane=2 dist=797px
[F:0151 T:02.080] [PLAYER] PLAN action=Triangle+lane react=0.845s arrival=3.335s
[F:0152 T:02.120] [GAME  ] BEAT 1
[F:0175 T:02.500] [PLAYER] WAIT delaying 0.835s (aiming for Perfect shape press)
[F:0175 T:02.500] [PLAYER] PERCEIVE obstacle=2 kind=ShapeGate shape=Circle lane=-1 dist=787px
[F:0175 T:02.500] [PLAYER] PLAN action=Circle react=0.835s arrival=3.745s
[F:0175 T:02.520] [GAME  ] BEAT 2
[F:0198 T:02.890] [PLAYER] WAIT delaying 0.855s (aiming for Perfect shape press)
[F:0198 T:02.890] [PLAYER] PERCEIVE obstacle=3 kind=ShapeGate shape=Square lane=-1 dist=797px
[F:0198 T:02.890] [PLAYER] PLAN action=Square react=0.855s arrival=4.156s
[F:0200 T:02.920] [PLAYER] EXECUTE key_2(Triangle) for obstacle=1
[F:0200 T:02.940] [GAME  ] BEAT 3
[F:0201 T:02.940] [PLAYER] EXECUTE key_d(SwipeRight) for obstacle=1
[F:0220 T:03.280] [GAME  ] COLLISION obstacle=1 kind=ShapeGate result=CLEAR timing=Perfect(0.79)
[F:0224 T:03.330] [PLAYER] EXECUTE key_1(Circle) for obstacle=2
[F:0224 T:03.350] [GAME  ] BEAT 4
[F:0244 T:03.690] [GAME  ] COLLISION obstacle=2 kind=ShapeGate result=CLEAR timing=Perfect(0.79)
[F:0248 T:03.740] [PLAYER] EXECUTE key_3(Square) for obstacle=3
[F:0248 T:03.760] [GAME  ] BEAT 5
[F:0268 T:04.090] [GAME  ] COLLISION obstacle=3 kind=ShapeGate result=CLEAR timing=Perfect(0.76)
[F:0271 T:04.130] [PLAYER] PERCEIVE obstacle=6 kind=LaneBlock shape=Hexagon lane=-1 dist=797px
[F:0271 T:04.130] [PLAYER] PLAN action= react=0.300s arrival=5.387s
[F:0272 T:04.160] [GAME  ] BEAT 6
[F:0296 T:04.570] [GAME  ] BEAT 7
[F:0321 T:04.990] [GAME  ] BEAT 8
[F:0340 T:05.310] [GAME  ] COLLISION obstacle=6 kind=LaneBlock result=CLEAR
[F:0343 T:05.350] [PLAYER] PERCEIVE obstacle=1048579 kind=LaneBlock shape=Hexagon lane=1 dist=797px
[F:0343 T:05.350] [PLAYER] PLAN action=+lane react=0.470s arrival=6.617s
[F:0345 T:05.400] [GAME  ] BEAT 9
[F:0369 T:05.800] [GAME  ] BEAT 10
[F:0370 T:05.800] [PLAYER] EXECUTE key_a(SwipeLeft) for obstacle=1048579
[F:0393 T:06.210] [GAME  ] BEAT 11
[F:0413 T:06.550] [GAME  ] COLLISION obstacle=1048579 kind=LaneBlock result=CLEAR
[F:0415 T:06.570] [PLAYER] WAIT delaying 0.868s (aiming for Perfect shape press)
[F:0415 T:06.570] [PLAYER] PERCEIVE obstacle=1048582 kind=ShapeGate shape=Circle lane=2 dist=797px
[F:0415 T:06.570] [PLAYER] PLAN action=Circle+lane react=0.868s arrival=7.848s
[F:0417 T:06.620] [GAME  ] BEAT 12
[F:0442 T:07.040] [GAME  ] BEAT 13
[F:0464 T:07.400] [PLAYER] WAIT delaying 0.859s (aiming for Perfect shape press)
[F:0464 T:07.400] [PLAYER] PERCEIVE obstacle=1048581 kind=ShapeGate shape=Square lane=1 dist=797px
[F:0464 T:07.400] [PLAYER] PLAN action=Square+lane react=0.859s arrival=8.669s
[F:0466 T:07.430] [PLAYER] EXECUTE key_1(Circle) for obstacle=1048582
[F:0466 T:07.450] [GAME  ] BEAT 14
[F:0467 T:07.450] [PLAYER] EXECUTE key_d(SwipeRight) for obstacle=1048582
[F:0485 T:07.770] [GAME  ] COLLISION obstacle=1048582 kind=ShapeGate result=CLEAR timing=Good(0.72)
[F:0489 T:07.820] [PLAYER] WAIT delaying 0.849s (aiming for Perfect shape press)
[F:0489 T:07.820] [PLAYER] PERCEIVE obstacle=2097155 kind=ShapeGate shape=Circle lane=-1 dist=797px
[F:0489 T:07.820] [PLAYER] PLAN action=Circle react=0.849s arrival=9.079s
[F:0490 T:07.850] [GAME  ] BEAT 15
[F:0513 T:08.230] [PLAYER] WAIT delaying 0.849s (aiming for Perfect shape press)
[F:0513 T:08.230] [PLAYER] PERCEIVE obstacle=1048578 kind=ShapeGate shape=Triangle lane=-1 dist=787px
[F:0513 T:08.230] [PLAYER] PLAN action=Triangle react=0.849s arrival=9.489s
[F:0514 T:08.240] [PLAYER] EXECUTE key_3(Square) for obstacle=1048581
[F:0514 T:08.260] [GAME  ] BEAT 16
[F:0515 T:08.260] [PLAYER] EXECUTE key_a(SwipeLeft) for obstacle=1048581
[F:0534 T:08.600] [GAME  ] COLLISION obstacle=1048581 kind=ShapeGate result=CLEAR timing=Perfect(0.79)
[F:0538 T:08.670] [GAME  ] BEAT 17
[F:0539 T:08.670] [PLAYER] EXECUTE key_1(Circle) for obstacle=2097155
[F:0559 T:09.020] [GAME  ] COLLISION obstacle=2097155 kind=ShapeGate result=CLEAR timing=Perfect(0.76)
[F:0563 T:09.070] [PLAYER] EXECUTE key_2(Triangle) for obstacle=1048578
[F:0563 T:09.090] [GAME  ] BEAT 18
[F:0582 T:09.410] [GAME  ] COLLISION obstacle=1048578 kind=ShapeGate result=CLEAR timing=Good(0.72)
[F:0585 T:09.450] [PLAYER] PERCEIVE obstacle=1048580 kind=LaneBlock shape=Hexagon lane=-1 dist=797px
[F:0585 T:09.450] [PLAYER] PLAN action= react=0.463s arrival=10.720s
[F:0587 T:09.500] [GAME  ] BEAT 19
[F:0611 T:09.910] [GAME  ] BEAT 20
[F:0633 T:10.260] [PLAYER] PERCEIVE obstacle=3145731 kind=LaneBlock shape=Hexagon lane=2 dist=797px
[F:0633 T:10.260] [PLAYER] PLAN action=+lane react=0.454s arrival=11.541s
[F:0635 T:10.310] [GAME  ] BEAT 21
[F:0655 T:10.650] [GAME  ] COLLISION obstacle=1048580 kind=LaneBlock result=CLEAR
[F:0659 T:10.700] [PLAYER] EXECUTE key_d(SwipeRight) for obstacle=3145731
[F:0660 T:10.740] [GAME  ] BEAT 22
[F:0684 T:11.150] [GAME  ] BEAT 23
[F:0703 T:11.470] [GAME  ] COLLISION obstacle=3145731 kind=LaneBlock result=CLEAR
[F:0707 T:11.520] [PLAYER] WAIT delaying 0.841s (aiming for Perfect shape press)
[F:0707 T:11.520] [PLAYER] PERCEIVE obstacle=2097154 kind=ShapeGate shape=Circle lane=1 dist=797px
[F:0707 T:11.520] [PLAYER] PLAN action=Circle+lane react=0.841s arrival=12.772s
[F:0708 T:11.550] [GAME  ] BEAT 24
[F:0732 T:11.960] [GAME  ] BEAT 25
[F:0756 T:12.350] [PLAYER] EXECUTE key_1(Circle) for obstacle=2097154
[F:0756 T:12.370] [GAME  ] BEAT 26
[F:0757 T:12.370] [PLAYER] EXECUTE key_a(SwipeLeft) for obstacle=2097154
[F:0777 T:12.720] [GAME  ] COLLISION obstacle=2097154 kind=ShapeGate result=CLEAR timing=Perfect(0.82)
[F:0779 T:12.740] [PLAYER] WAIT delaying 0.852s (aiming for Perfect shape press)
[F:0779 T:12.740] [PLAYER] PERCEIVE obstacle=4194307 kind=ShapeGate shape=Circle lane=-1 dist=797px
[F:0779 T:12.740] [PLAYER] PLAN action=Circle react=0.852s arrival=14.003s
[F:0781 T:12.790] [GAME  ] BEAT 27
[F:0805 T:13.200] [GAME  ] BEAT 28
[F:0829 T:13.590] [PLAYER] EXECUTE key_1(Circle) for obstacle=4194307
[F:0829 T:13.600] [GAME  ] BEAT 29
[F:0849 T:13.940] [GAME  ] COLLISION obstacle=4194307 kind=ShapeGate result=CLEAR timing=Perfect(0.79)
[F:0852 T:13.970] [PLAYER] WAIT delaying 0.853s (aiming for Perfect shape press)
[F:0852 T:13.970] [PLAYER] PERCEIVE obstacle=3145730 kind=ShapeGate shape=Triangle lane=2 dist=797px
[F:0852 T:13.970] [PLAYER] PLAN action=Triangle+lane react=0.853s arrival=15.233s
[F:0853 T:14.010] [GAME  ] BEAT 30
[F:0878 T:14.430] [GAME  ] BEAT 31
[F:0902 T:14.820] [PLAYER] EXECUTE key_2(Triangle) for obstacle=3145730
[F:0902 T:14.840] [GAME  ] BEAT 32
[F:0903 T:14.840] [PLAYER] EXECUTE key_d(SwipeRight) for obstacle=3145730
[F:0922 T:15.170] [GAME  ] COLLISION obstacle=3145730 kind=ShapeGate result=CLEAR timing=Perfect(0.76)
[F:0925 T:15.210] [PLAYER] WAIT delaying 0.844s (aiming for Perfect shape press)
[F:0925 T:15.210] [PLAYER] PERCEIVE obstacle=5242883 kind=ShapeGate shape=Circle lane=-1 dist=797px
[F:0925 T:15.210] [PLAYER] PLAN action=Circle react=0.844s arrival=16.464s
[F:0926 T:15.240] [GAME  ] BEAT 33
[F:0950 T:15.650] [GAME  ] BEAT 34
[F:0973 T:16.020] [PLAYER] WAIT delaying 0.855s (aiming for Perfect shape press)
[F:0973 T:16.020] [PLAYER] PERCEIVE obstacle=3145729 kind=ShapeGate shape=Triangle lane=-1 dist=797px
[F:0973 T:16.020] [PLAYER] PLAN action=Triangle react=0.855s arrival=17.285s
[F:0974 T:16.040] [PLAYER] EXECUTE key_1(Circle) for obstacle=5242883
[F:0975 T:16.070] [GAME  ] BEAT 35
[F:0995 T:16.410] [GAME  ] COLLISION obstacle=5242883 kind=ShapeGate result=CLEAR timing=Perfect(0.85)
[F:0999 T:16.480] [GAME  ] BEAT 36
[F:1021 T:16.830] [PLAYER] WAIT delaying 0.865s (aiming for Perfect shape press)
[F:1021 T:16.830] [PLAYER] PERCEIVE obstacle=4194306 kind=ShapeGate shape=Triangle lane=-1 dist=797px
[F:1021 T:16.830] [PLAYER] PLAN action=Triangle react=0.865s arrival=18.105s
[F:1023 T:16.870] [PLAYER] EXECUTE key_2(Triangle) for obstacle=3145729
[F:1023 T:16.880] [GAME  ] BEAT 37
[F:1043 T:17.220] [GAME  ] COLLISION obstacle=3145729 kind=ShapeGate result=CLEAR timing=Perfect(0.79)
[F:1046 T:17.260] [PLAYER] WAIT delaying 0.845s (aiming for Perfect shape press)
[F:1046 T:17.260] [PLAYER] PERCEIVE obstacle=2097156 kind=ShapeGate shape=Circle lane=-1 dist=797px
[F:1046 T:17.260] [PLAYER] PLAN action=Circle react=0.845s arrival=18.516s
[F:1047 T:17.290] [GAME  ] BEAT 38
[F:1071 T:17.700] [GAME  ] BEAT 39
[F:1072 T:17.700] [PLAYER] EXECUTE key_2(Triangle) for obstacle=4194306
[F:1091 T:18.030] [GAME  ] COLLISION obstacle=4194306 kind=ShapeGate result=CLEAR timing=Good(0.72)
[F:1094 T:18.070] [PLAYER] WAIT delaying 0.856s (aiming for Perfect shape press)
[F:1094 T:18.070] [PLAYER] PERCEIVE obstacle=10485767 kind=ShapeGate shape=Square lane=-1 dist=797px
[F:1094 T:18.070] [PLAYER] PLAN action=Square react=0.856s arrival=19.336s
[F:1095 T:18.090] [PLAYER] EXECUTE key_1(Circle) for obstacle=2097156
[F:1096 T:18.120] [GAME  ] BEAT 40
[F:1116 T:18.460] [GAME  ] COLLISION obstacle=2097156 kind=ShapeGate result=CLEAR timing=Perfect(0.85)
[F:1119 T:18.490] [PLAYER] PERCEIVE obstacle=4194305 kind=LaneBlock shape=Hexagon lane=-1 dist=797px
[F:1119 T:18.490] [PLAYER] PLAN action= react=0.339s arrival=19.747s
[F:1120 T:18.530] [GAME  ] BEAT 41
[F:1144 T:18.910] [PLAYER] EXECUTE key_3(Square) for obstacle=10485767
[F:1144 T:18.930] [GAME  ] BEAT 42
[F:1164 T:19.270] [GAME  ] COLLISION obstacle=10485767 kind=ShapeGate result=CLEAR timing=Perfect(0.79)
[F:1167 T:19.300] [PLAYER] WAIT delaying 0.857s (aiming for Perfect shape press)
[F:1167 T:19.300] [PLAYER] PERCEIVE obstacle=5242882 kind=ShapeGate shape=Square lane=-1 dist=797px
[F:1167 T:19.300] [PLAYER] PLAN action=Square react=0.857s arrival=20.567s
[F:1168 T:19.340] [GAME  ] BEAT 43
[F:1189 T:19.690] [GAME  ] COLLISION obstacle=4194305 kind=LaneBlock result=CLEAR
[F:1191 T:19.710] [PLAYER] PERCEIVE obstacle=3145732 kind=LaneBlock shape=Hexagon lane=1 dist=787px
[F:1191 T:19.710] [PLAYER] PLAN action=+lane react=0.356s arrival=20.977s
[F:1192 T:19.750] [GAME  ] BEAT 44
[F:1212 T:20.070] [PLAYER] EXECUTE key_a(SwipeLeft) for obstacle=3145732
[F:1217 T:20.150] [PLAYER] EXECUTE key_3(Square) for obstacle=5242882
[F:1217 T:20.170] [GAME  ] BEAT 45
[F:1237 T:20.510] [GAME  ] COLLISION obstacle=5242882 kind=ShapeGate result=MISS
[F:1268 T:20.510] [PLAYER] AUTO_START phase=GameOver
[F:1269 T:20.510] [PLAYER] AUTO_START phase=GameOver
[F:1371 T:01.710] [GAME  ] BEAT 0
[F:1393 T:02.060] [PLAYER] WAIT delaying 0.865s (aiming for Perfect shape press)
[F:1393 T:02.060] [PLAYER] PERCEIVE obstacle=6291458 kind=ShapeGate shape=Triangle lane=2 dist=797px
[F:1393 T:02.060] [PLAYER] PLAN action=Triangle+lane react=0.865s arrival=3.335s
[F:1395 T:02.110] [GAME  ] BEAT 1
[F:1418 T:02.490] [PLAYER] WAIT delaying 0.845s (aiming for Perfect shape press)
[F:1418 T:02.490] [PLAYER] PERCEIVE obstacle=9437187 kind=ShapeGate shape=Circle lane=-1 dist=797px
[F:1418 T:02.490] [PLAYER] PLAN action=Circle react=0.845s arrival=3.745s
[F:1419 T:02.520] [GAME  ] BEAT 2
[F:1441 T:02.880] [PLAYER] WAIT delaying 0.865s (aiming for Perfect shape press)
[F:1441 T:02.880] [PLAYER] PERCEIVE obstacle=12582919 kind=ShapeGate shape=Square lane=-1 dist=797px
[F:1441 T:02.880] [PLAYER] PLAN action=Square react=0.865s arrival=4.156s
[F:1443 T:02.930] [GAME  ] BEAT 3
[F:1444 T:02.930] [PLAYER] EXECUTE key_2(Triangle) for obstacle=6291458
[F:1445 T:02.940] [PLAYER] EXECUTE key_d(SwipeRight) for obstacle=6291458
[F:1463 T:03.270] [GAME  ] COLLISION obstacle=6291458 kind=ShapeGate result=CLEAR timing=Perfect(0.76)
[F:1467 T:03.320] [PLAYER] EXECUTE key_1(Circle) for obstacle=9437187
[F:1468 T:03.350] [GAME  ] BEAT 4
[F:1488 T:03.690] [GAME  ] COLLISION obstacle=9437187 kind=ShapeGate result=CLEAR timing=Perfect(0.85)
[F:1492 T:03.740] [PLAYER] EXECUTE key_3(Square) for obstacle=12582919
[F:1492 T:03.760] [GAME  ] BEAT 5
[F:1511 T:04.080] [GAME  ] COLLISION obstacle=12582919 kind=ShapeGate result=CLEAR timing=Good(0.72)
