══════ Test Session started 2026-04-10 23:57 ══════

[F:0024 T:00.000] [PLAYER] AUTO_START phase=Title
[F:0025 T:00.000] [PLAYER] AUTO_START phase=Title
[F:0126 T:01.700] [GAME  ] BEAT 0
[F:0149 T:02.070] [PLAYER] WAIT delaying 0.855s (aiming for Perfect)
[F:0149 T:02.070] [PLAYER] PERCEIVE obstacle=1 kind=ShapeGate shape=Triangle lane=2 dist=797px
[F:0149 T:02.070] [PLAYER] PLAN action=Triangle+lane react=0.855s arrival=3.335s
[F:0151 T:02.120] [GAME  ] BEAT 1
[F:0174 T:02.490] [PLAYER] WAIT delaying 0.845s (aiming for Perfect)
[F:0174 T:02.490] [PLAYER] PERCEIVE obstacle=2 kind=ShapeGate shape=Circle lane=-1 dist=797px
[F:0174 T:02.490] [PLAYER] PLAN action=Circle react=0.845s arrival=3.745s
[F:0175 T:02.530] [GAME  ] BEAT 2
[F:0198 T:02.900] [PLAYER] WAIT delaying 0.845s (aiming for Perfect)
[F:0198 T:02.900] [PLAYER] PERCEIVE obstacle=3 kind=ShapeGate shape=Square lane=-1 dist=797px
[F:0198 T:02.900] [PLAYER] PLAN action=Square react=0.845s arrival=4.156s
[F:0199 T:02.920] [PLAYER] EXECUTE key_2(Triangle) for obstacle=1
[F:0199 T:02.930] [GAME  ] BEAT 3
[F:0200 T:02.930] [PLAYER] EXECUTE key_d(SwipeRight) for obstacle=1
[F:0219 T:03.270] [GAME  ] COLLISION obstacle=1 kind=ShapeGate result=CLEAR timing=Perfect(0.79)
[F:0223 T:03.320] [PLAYER] EXECUTE key_1(Circle) for obstacle=2
[F:0223 T:03.340] [GAME  ] BEAT 4
[F:0243 T:03.680] [GAME  ] COLLISION obstacle=2 kind=ShapeGate result=CLEAR timing=Perfect(0.79)
[F:0247 T:03.730] [PLAYER] EXECUTE key_3(Square) for obstacle=3
[F:0248 T:03.760] [GAME  ] BEAT 5
[F:0268 T:04.100] [GAME  ] COLLISION obstacle=3 kind=ShapeGate result=CLEAR timing=Perfect(0.85)
[F:0272 T:04.170] [GAME  ] BEAT 6
[F:0296 T:04.570] [GAME  ] BEAT 7
[F:0320 T:04.980] [GAME  ] BEAT 8
[F:0343 T:05.350] [PLAYER] PERCEIVE obstacle=1048579 kind=LaneBlock shape=Hexagon lane=-1 dist=797px
[F:0343 T:05.350] [PLAYER] PLAN action= react=0.406s arrival=6.617s
[F:0344 T:05.390] [GAME  ] BEAT 9
[F:0368 T:05.800] [GAME  ] BEAT 10
[F:0392 T:06.210] [GAME  ] BEAT 11
[F:0412 T:06.540] [GAME  ] COLLISION obstacle=1048579 kind=LaneBlock result=CLEAR
[F:0414 T:06.560] [PLAYER] PERCEIVE obstacle=2097153 kind=LaneBlock shape=Hexagon lane=1 dist=797px
[F:0414 T:06.560] [PLAYER] PLAN action=+lane react=0.355s arrival=7.848s
[F:0417 T:06.630] [GAME  ] BEAT 12
[F:0434 T:06.900] [PLAYER] EXECUTE key_a(SwipeLeft) for obstacle=2097153
[F:0441 T:07.040] [GAME  ] BEAT 13
[F:0465 T:07.440] [GAME  ] BEAT 14
[F:0484 T:07.760] [GAME  ] COLLISION obstacle=2097153 kind=LaneBlock result=CLEAR
[F:0489 T:07.850] [GAME  ] BEAT 15
[F:0513 T:08.260] [GAME  ] BEAT 16
[F:0538 T:08.680] [GAME  ] BEAT 17
[F:0562 T:09.090] [GAME  ] BEAT 18
[F:0586 T:09.490] [GAME  ] BEAT 19
[F:0610 T:09.900] [GAME  ] BEAT 20
[F:0634 T:10.310] [GAME  ] BEAT 21
[F:0659 T:10.730] [GAME  ] BEAT 22
[F:0683 T:11.140] [GAME  ] BEAT 23
[F:0708 T:11.560] [GAME  ] BEAT 24
[F:0732 T:11.970] [GAME  ] BEAT 25
[F:0756 T:12.370] [GAME  ] BEAT 26
[F:0780 T:12.780] [GAME  ] BEAT 27
[F:0804 T:13.190] [GAME  ] BEAT 28
[F:0829 T:13.610] [GAME  ] BEAT 29
[F:0853 T:14.020] [GAME  ] BEAT 30
[F:0877 T:14.420] [GAME  ] BEAT 31
[F:0901 T:14.830] [GAME  ] BEAT 32
[F:0926 T:15.250] [GAME  ] BEAT 33
[F:0950 T:15.660] [GAME  ] BEAT 34
[F:0974 T:16.060] [GAME  ] BEAT 35
[F:0998 T:16.470] [GAME  ] BEAT 36
[F:1020 T:16.830] [PLAYER] WAIT delaying 0.865s (aiming for Perfect)
[F:1020 T:16.830] [PLAYER] PERCEIVE obstacle=3145733 kind=ShapeGate shape=Triangle lane=2 dist=797px
[F:1020 T:16.830] [PLAYER] PLAN action=Triangle+lane react=0.865s arrival=18.105s
[F:1022 T:16.880] [GAME  ] BEAT 37
[F:1045 T:17.250] [PLAYER] WAIT delaying 0.855s (aiming for Perfect)
[F:1045 T:17.250] [PLAYER] PERCEIVE obstacle=3145729 kind=ShapeGate shape=Circle lane=-1 dist=797px
[F:1045 T:17.250] [PLAYER] PLAN action=Circle react=0.855s arrival=18.516s
[F:1047 T:17.300] [GAME  ] BEAT 38
[F:1071 T:17.690] [PLAYER] EXECUTE key_2(Triangle) for obstacle=3145733
[F:1071 T:17.710] [GAME  ] BEAT 39
[F:1072 T:17.710] [PLAYER] EXECUTE key_d(SwipeRight) for obstacle=3145733
[F:1090 T:18.030] [GAME  ] COLLISION obstacle=3145733 kind=ShapeGate result=CLEAR timing=Good(0.72)
[F:1095 T:18.100] [PLAYER] EXECUTE key_1(Circle) for obstacle=3145729
[F:1095 T:18.110] [GAME  ] BEAT 40
[F:1115 T:18.450] [GAME  ] COLLISION obstacle=3145729 kind=ShapeGate result=CLEAR timing=Perfect(0.79)
[F:1118 T:18.490] [PLAYER] WAIT delaying 0.846s (aiming for Perfect)
[F:1118 T:18.490] [PLAYER] PERCEIVE obstacle=1048578 kind=ShapeGate shape=Square lane=-1 dist=797px
[F:1118 T:18.490] [PLAYER] PLAN action=Square react=0.846s arrival=19.747s
[F:1119 T:18.520] [GAME  ] BEAT 41
[F:1143 T:18.930] [GAME  ] BEAT 42
[F:1167 T:19.320] [PLAYER] EXECUTE key_3(Square) for obstacle=1048578
[F:1168 T:19.350] [GAME  ] BEAT 43
[F:1188 T:19.690] [GAME  ] COLLISION obstacle=1048578 kind=ShapeGate result=CLEAR timing=Perfect(0.85)
[F:1191 T:19.720] [PLAYER] PERCEIVE obstacle=4194305 kind=LaneBlock shape=Hexagon lane=-1 dist=797px
[F:1191 T:19.720] [PLAYER] PLAN action= react=0.301s arrival=20.977s
[F:1192 T:19.760] [GAME  ] BEAT 44
[F:1216 T:20.160] [GAME  ] BEAT 45
[F:1240 T:20.570] [GAME  ] BEAT 46
[F:1261 T:20.920] [GAME  ] COLLISION obstacle=4194305 kind=LaneBlock result=CLEAR
[F:1263 T:20.940] [PLAYER] PERCEIVE obstacle=2097154 kind=LaneBlock shape=Hexagon lane=1 dist=797px
[F:1263 T:20.940] [PLAYER] PLAN action=+lane react=0.362s arrival=22.208s
[F:1265 T:20.990] [GAME  ] BEAT 47
[F:1284 T:21.300] [PLAYER] EXECUTE key_a(SwipeLeft) for obstacle=2097154
[F:1289 T:21.400] [GAME  ] BEAT 48
[F:1313 T:21.810] [GAME  ] BEAT 49
[F:1332 T:22.130] [GAME  ] COLLISION obstacle=2097154 kind=LaneBlock result=CLEAR
[F:1335 T:22.160] [PLAYER] WAIT delaying 0.869s (aiming for Perfect)
[F:1335 T:22.160] [PLAYER] PERCEIVE obstacle=5242881 kind=ShapeGate shape=Square lane=-1 dist=797px
[F:1335 T:22.160] [PLAYER] PLAN action=Square react=0.869s arrival=23.439s
[F:1337 T:22.210] [GAME  ] BEAT 50
[F:1360 T:22.590] [PLAYER] WAIT delaying 0.849s (aiming for Perfect)
[F:1360 T:22.590] [PLAYER] PERCEIVE obstacle=3145731 kind=ShapeGate shape=Square lane=0 dist=797px
[F:1360 T:22.590] [PLAYER] PLAN action=Square+lane react=0.849s arrival=23.849s
[F:1361 T:22.620] [GAME  ] BEAT 51
[F:1386 T:23.020] [PLAYER] EXECUTE key_3(Square) for obstacle=5242881
[F:1386 T:23.040] [GAME  ] BEAT 52
[F:1405 T:23.360] [GAME  ] COLLISION obstacle=5242881 kind=ShapeGate result=CLEAR timing=Good(0.72)
[F:1408 T:23.400] [PLAYER] WAIT delaying 0.860s (aiming for Perfect)
[F:1408 T:23.400] [PLAYER] PERCEIVE obstacle=3145730 kind=ShapeGate shape=Circle lane=-1 dist=797px
[F:1408 T:23.400] [PLAYER] PLAN action=Circle react=0.860s arrival=24.670s
[F:1410 T:23.430] [PLAYER] EXECUTE key_3(Square) for obstacle=3145731
[F:1410 T:23.450] [GAME  ] BEAT 53
[F:1411 T:23.450] [PLAYER] EXECUTE key_a(SwipeLeft) for obstacle=3145731
[F:1430 T:23.790] [GAME  ] COLLISION obstacle=3145731 kind=ShapeGate result=MISS
[F:1461 T:23.790] [PLAYER] AUTO_START phase=GameOver
[F:1462 T:23.790] [PLAYER] AUTO_START phase=GameOver
[F:1563 T:01.700] [GAME  ] BEAT 0
[F:1585 T:02.050] [PLAYER] WAIT delaying 0.875s (aiming for Perfect)
[F:1585 T:02.050] [PLAYER] PERCEIVE obstacle=6291457 kind=ShapeGate shape=Triangle lane=2 dist=797px
[F:1585 T:02.050] [PLAYER] PLAN action=Triangle+lane react=0.875s arrival=3.335s
[F:1588 T:02.120] [GAME  ] BEAT 1
[F:1611 T:02.490] [PLAYER] WAIT delaying 0.845s (aiming for Perfect)
[F:1611 T:02.490] [PLAYER] PERCEIVE obstacle=4194307 kind=ShapeGate shape=Circle lane=-1 dist=797px
[F:1611 T:02.490] [PLAYER] PLAN action=Circle react=0.845s arrival=3.745s
[F:1612 T:02.530] [GAME  ] BEAT 2
[F:1635 T:02.900] [PLAYER] WAIT delaying 0.845s (aiming for Perfect)
[F:1635 T:02.900] [PLAYER] PERCEIVE obstacle=4194306 kind=ShapeGate shape=Square lane=-1 dist=797px
[F:1635 T:02.900] [PLAYER] PLAN action=Square react=0.845s arrival=4.156s
[F:1636 T:02.920] [PLAYER] EXECUTE key_2(Triangle) for obstacle=6291457
[F:1636 T:02.940] [GAME  ] BEAT 3
[F:1637 T:02.940] [PLAYER] EXECUTE key_d(SwipeRight) for obstacle=6291457
[F:1655 T:03.260] [GAME  ] COLLISION obstacle=6291457 kind=ShapeGate result=CLEAR timing=Good(0.72)
[F:1660 T:03.320] [PLAYER] EXECUTE key_1(Circle) for obstacle=4194307
[F:1660 T:03.340] [GAME  ] BEAT 4
[F:1681 T:03.690] [GAME  ] COLLISION obstacle=4194307 kind=ShapeGate result=CLEAR timing=Perfect(0.82)
[F:1685 T:03.740] [PLAYER] EXECUTE key_3(Square) for obstacle=4194306
[F:1685 T:03.760] [GAME  ] BEAT 5
[F:1705 T:04.100] [GAME  ] COLLISION obstacle=4194306 kind=ShapeGate result=CLEAR timing=Perfect(0.79)
[F:1709 T:04.170] [GAME  ] BEAT 6
[F:1733 T:04.570] [GAME  ] BEAT 7
[F:1757 T:04.980] [GAME  ] BEAT 8
[F:1779 T:05.340] [PLAYER] PERCEIVE obstacle=5242882 kind=LaneBlock shape=Hexagon lane=-1 dist=797px
[F:1779 T:05.340] [PLAYER] PLAN action= react=0.420s arrival=6.617s
[F:1781 T:05.390] [GAME  ] BEAT 9
[F:1806 T:05.810] [GAME  ] BEAT 10
[F:1830 T:06.220] [GAME  ] BEAT 11
[F:1849 T:06.540] [GAME  ] COLLISION obstacle=5242882 kind=LaneBlock result=CLEAR
[F:1852 T:06.570] [PLAYER] PERCEIVE obstacle=8388609 kind=LaneBlock shape=Hexagon lane=1 dist=797px
[F:1852 T:06.570] [PLAYER] PLAN action=+lane react=0.450s arrival=7.848s
[F:1854 T:06.620] [GAME  ] BEAT 12
[F:1878 T:07.010] [PLAYER] EXECUTE key_a(SwipeLeft) for obstacle=8388609
[F:1878 T:07.030] [GAME  ] BEAT 13
[F:1902 T:07.440] [GAME  ] BEAT 14
[F:1922 T:07.780] [GAME  ] COLLISION obstacle=8388609 kind=LaneBlock result=CLEAR
[F:1927 T:07.860] [GAME  ] BEAT 15
[F:1951 T:08.270] [GAME  ] BEAT 16
[F:1975 T:08.670] [GAME  ] BEAT 17
[F:1999 T:09.080] [GAME  ] BEAT 18
[F:2023 T:09.490] [GAME  ] BEAT 19
[F:2048 T:09.910] [GAME  ] BEAT 20
[F:2072 T:10.320] [GAME  ] BEAT 21
[F:2097 T:10.740] [GAME  ] BEAT 22
[F:2121 T:11.150] [GAME  ] BEAT 23
[F:2145 T:11.550] [GAME  ] BEAT 24
[F:2169 T:11.960] [GAME  ] BEAT 25
[F:2193 T:12.370] [GAME  ] BEAT 26
[F:2218 T:12.790] [GAME  ] BEAT 27
[F:2242 T:13.200] [GAME  ] BEAT 28
[F:2266 T:13.600] [GAME  ] BEAT 29
[F:2290 T:14.010] [GAME  ] BEAT 30
[F:2315 T:14.430] [GAME  ] BEAT 31
[F:2339 T:14.840] [GAME  ] BEAT 32
[F:2363 T:15.240] [GAME  ] BEAT 33
[F:2387 T:15.650] [GAME  ] BEAT 34
[F:2412 T:16.070] [GAME  ] BEAT 35
[F:2436 T:16.480] [GAME  ] BEAT 36
[F:2459 T:16.850] [PLAYER] WAIT delaying 0.845s (aiming for Perfect)
[F:2459 T:16.850] [PLAYER] PERCEIVE obstacle=8388613 kind=ShapeGate shape=Triangle lane=2 dist=797px
[F:2459 T:16.850] [PLAYER] PLAN action=Triangle+lane react=0.845s arrival=18.105s
[F:2460 T:16.880] [GAME  ] BEAT 37
[F:2482 T:17.240] [PLAYER] WAIT delaying 0.865s (aiming for Perfect)
[F:2482 T:17.240] [PLAYER] PERCEIVE obstacle=9437185 kind=ShapeGate shape=Circle lane=-1 dist=797px
[F:2482 T:17.240] [PLAYER] PLAN action=Circle react=0.865s arrival=18.516s
[F:2484 T:17.290] [GAME  ] BEAT 38
[F:2508 T:17.680] [PLAYER] EXECUTE key_2(Triangle) for obstacle=8388613
[F:2508 T:17.700] [GAME  ] BEAT 39
[F:2509 T:17.700] [PLAYER] EXECUTE key_d(SwipeRight) for obstacle=8388613
[F:2529 T:18.050] [GAME  ] COLLISION obstacle=8388613 kind=ShapeGate result=CLEAR timing=Perfect(0.82)
[F:2532 T:18.110] [GAME  ] BEAT 40
[F:2533 T:18.110] [PLAYER] EXECUTE key_1(Circle) for obstacle=9437185
[F:2552 T:18.450] [GAME  ] COLLISION obstacle=9437185 kind=ShapeGate result=CLEAR timing=Perfect(0.76)
[F:2555 T:18.480] [PLAYER] WAIT delaying 0.856s (aiming for Perfect)
[F:2555 T:18.480] [PLAYER] PERCEIVE obstacle=5242883 kind=ShapeGate shape=Square lane=-1 dist=797px
[F:2555 T:18.480] [PLAYER] PLAN action=Square react=0.856s arrival=19.747s
[F:2557 T:18.530] [GAME  ] BEAT 41
[F:2581 T:18.940] [GAME  ] BEAT 42
[F:2605 T:19.330] [PLAYER] EXECUTE key_3(Square) for obstacle=5242883
[F:2605 T:19.340] [GAME  ] BEAT 43
[F:2625 T:19.680] [GAME  ] COLLISION obstacle=5242883 kind=ShapeGate result=CLEAR timing=Perfect(0.79)
[F:2628 T:19.710] [PLAYER] PERCEIVE obstacle=10485761 kind=LaneBlock shape=Hexagon lane=-1 dist=797px
[F:2628 T:19.710] [PLAYER] PLAN action= react=0.325s arrival=20.977s
[F:2629 T:19.750] [GAME  ] BEAT 44
[F:2654 T:20.170] [GAME  ] BEAT 45
[F:2678 T:20.580] [GAME  ] BEAT 46
[F:2698 T:20.920] [GAME  ] COLLISION obstacle=10485761 kind=LaneBlock result=CLEAR
[F:2700 T:20.940] [PLAYER] PERCEIVE obstacle=6291459 kind=LaneBlock shape=Hexagon lane=1 dist=797px
[F:2700 T:20.940] [PLAYER] PLAN action=+lane react=0.418s arrival=22.208s
[F:2702 T:20.990] [GAME  ] BEAT 47
[F:2724 T:21.340] [PLAYER] EXECUTE key_a(SwipeLeft) for obstacle=6291459
[F:2726 T:21.390] [GAME  ] BEAT 48
[F:2750 T:21.800] [GAME  ] BEAT 49
[F:2770 T:22.140] [GAME  ] COLLISION obstacle=6291459 kind=LaneBlock result=CLEAR
[F:2772 T:22.150] [PLAYER] WAIT delaying 0.879s (aiming for Perfect)
[F:2772 T:22.150] [PLAYER] PERCEIVE obstacle=11534337 kind=ShapeGate shape=Square lane=-1 dist=797px
[F:2772 T:22.150] [PLAYER] PLAN action=Square react=0.879s arrival=23.439s
[F:2775 T:22.220] [GAME  ] BEAT 50
[F:2798 T:22.590] [PLAYER] WAIT delaying 0.849s (aiming for Perfect)
[F:2798 T:22.590] [PLAYER] PERCEIVE obstacle=7340034 kind=ShapeGate shape=Square lane=0 dist=797px
[F:2798 T:22.590] [PLAYER] PLAN action=Square+lane react=0.849s arrival=23.849s
[F:2799 T:22.630] [GAME  ] BEAT 51
[F:2823 T:23.020] [PLAYER] EXECUTE key_3(Square) for obstacle=11534337
[F:2823 T:23.030] [GAME  ] BEAT 52
[F:2842 T:23.350] [GAME  ] COLLISION obstacle=11534337 kind=ShapeGate result=CLEAR timing=Good(0.72)
[F:2845 T:23.390] [PLAYER] WAIT delaying 0.870s (aiming for Perfect)
[F:2845 T:23.390] [PLAYER] PERCEIVE obstacle=7340035 kind=ShapeGate shape=Circle lane=-1 dist=797px
[F:2845 T:23.390] [PLAYER] PLAN action=Circle react=0.870s arrival=24.670s
[F:2847 T:23.440] [GAME  ] BEAT 53
[F:2848 T:23.440] [PLAYER] EXECUTE key_3(Square) for obstacle=7340034
[F:2849 T:23.460] [PLAYER] EXECUTE key_a(SwipeLeft) for obstacle=7340034
[F:2868 T:23.790] [GAME  ] COLLISION obstacle=7340034 kind=ShapeGate result=MISS
[F:2900 T:23.790] [PLAYER] AUTO_START phase=GameOver
[F:2901 T:23.790] [PLAYER] AUTO_START phase=GameOver
