══════ Test Session started 2026-04-11 00:12 ══════

[F:0022 T:00.000] [PLAYER] AUTO_START phase=Title
[F:0023 T:00.000] [PLAYER] AUTO_START phase=Title
[F:0125 T:01.700] [GAME  ] BEAT 0
[F:0148 T:02.080] [PLAYER] PERCEIVE obstacle=1 kind=ShapeGate shape=Triangle lane=2 dist=797px
[F:0148 T:02.080] [PLAYER] PLAN action=Triangle+lane react=0.461s arrival=3.335s
[F:0149 T:02.110] [GAME  ] BEAT 1
[F:0171 T:02.460] [PLAYER] WAIT delaying 0.875s (aiming for Perfect shape press)
[F:0171 T:02.460] [PLAYER] PERCEIVE obstacle=2 kind=ShapeGate shape=Circle lane=-1 dist=797px
[F:0171 T:02.460] [PLAYER] PLAN action=Circle react=0.875s arrival=3.745s
[F:0174 T:02.530] [GAME  ] BEAT 2
[F:0175 T:02.530] [PLAYER] EXECUTE key_2(Triangle) for obstacle=1
[F:0176 T:02.550] [PLAYER] EXECUTE key_d(SwipeRight) for obstacle=1
[F:0197 T:02.900] [PLAYER] WAIT delaying 0.845s (aiming for Perfect shape press)
[F:0197 T:02.900] [PLAYER] PERCEIVE obstacle=3 kind=ShapeGate shape=Square lane=-1 dist=797px
[F:0197 T:02.900] [PLAYER] PLAN action=Square react=0.845s arrival=4.156s
[F:0198 T:02.940] [GAME  ] BEAT 3
[F:0218 T:03.280] [GAME  ] COLLISION obstacle=1 kind=ShapeGate result=CLEAR timing=Bad(0.03)
[F:0222 T:03.330] [PLAYER] EXECUTE key_1(Circle) for obstacle=2
[F:0222 T:03.340] [GAME  ] BEAT 4
[F:0241 T:03.660] [GAME  ] COLLISION obstacle=2 kind=ShapeGate result=MISS
[F:0273 T:03.660] [PLAYER] AUTO_START phase=GameOver
[F:0274 T:03.660] [PLAYER] AUTO_START phase=GameOver
[F:0376 T:01.710] [GAME  ] BEAT 0
[F:0399 T:02.090] [PLAYER] PERCEIVE obstacle=1048577 kind=ShapeGate shape=Triangle lane=2 dist=797px
[F:0399 T:02.090] [PLAYER] PLAN action=Triangle+lane react=0.381s arrival=3.335s
[F:0400 T:02.120] [GAME  ] BEAT 1
[F:0421 T:02.460] [PLAYER] EXECUTE key_2(Triangle) for obstacle=1048577
[F:0422 T:02.480] [PLAYER] WAIT delaying 0.855s (aiming for Perfect shape press)
[F:0422 T:02.480] [PLAYER] PERCEIVE obstacle=1048578 kind=ShapeGate shape=Circle lane=-1 dist=797px
[F:0422 T:02.480] [PLAYER] PLAN action=Circle react=0.855s arrival=3.745s
[F:0422 T:02.480] [PLAYER] EXECUTE key_d(SwipeRight) for obstacle=1048577
[F:0424 T:02.530] [GAME  ] BEAT 2
[F:0447 T:02.900] [PLAYER] WAIT delaying 0.845s (aiming for Perfect shape press)
[F:0447 T:02.900] [PLAYER] PERCEIVE obstacle=1048579 kind=ShapeGate shape=Square lane=-1 dist=787px
[F:0447 T:02.900] [PLAYER] PLAN action=Square react=0.845s arrival=4.156s
[F:0448 T:02.940] [GAME  ] BEAT 3
[F:0468 T:03.280] [GAME  ] COLLISION obstacle=1048577 kind=ShapeGate result=CLEAR
[F:0501 T:03.290] [PLAYER] AUTO_START phase=GameOver
[F:0602 T:01.700] [GAME  ] BEAT 0
[F:0625 T:02.070] [PLAYER] PERCEIVE obstacle=2097153 kind=ShapeGate shape=Triangle lane=2 dist=797px
[F:0625 T:02.070] [PLAYER] PLAN action=Triangle+lane react=0.475s arrival=3.335s
[F:0627 T:02.120] [GAME  ] BEAT 1
[F:0649 T:02.480] [PLAYER] WAIT delaying 0.855s (aiming for Perfect shape press)
[F:0649 T:02.480] [PLAYER] PERCEIVE obstacle=2097154 kind=ShapeGate shape=Circle lane=-1 dist=797px
[F:0649 T:02.480] [PLAYER] PLAN action=Circle react=0.855s arrival=3.745s
[F:0651 T:02.530] [GAME  ] BEAT 2
[F:0653 T:02.540] [PLAYER] EXECUTE key_2(Triangle) for obstacle=2097153
[F:0654 T:02.560] [PLAYER] EXECUTE key_d(SwipeRight) for obstacle=2097153
[F:0674 T:02.900] [PLAYER] WAIT delaying 0.845s (aiming for Perfect shape press)
[F:0674 T:02.900] [PLAYER] PERCEIVE obstacle=2097155 kind=ShapeGate shape=Square lane=-1 dist=797px
[F:0674 T:02.900] [PLAYER] PLAN action=Square react=0.845s arrival=4.156s
[F:0675 T:02.930] [GAME  ] BEAT 3
[F:0694 T:03.260] [GAME  ] COLLISION obstacle=2097153 kind=ShapeGate result=CLEAR timing=Bad(0.12)
[F:0699 T:03.320] [PLAYER] EXECUTE key_1(Circle) for obstacle=2097154
[F:0699 T:03.340] [GAME  ] BEAT 4
[F:0719 T:03.680] [GAME  ] COLLISION obstacle=2097154 kind=ShapeGate result=MISS
