══════ Test Session started 2026-04-10 23:21 ══════

[F:0024 T:00.000] [PLAYER] AUTO_START phase=Title
[F:0025 T:00.000] [PLAYER] AUTO_START phase=Title
[F:0125 T:01.700] [GAME  ] BEAT 0
[F:0149 T:02.110] [GAME  ] BEAT 1
[F:0174 T:02.530] [GAME  ] BEAT 2
[F:0198 T:02.940] [GAME  ] BEAT 3
[F:0222 T:03.350] [GAME  ] BEAT 4
[F:0246 T:03.750] [GAME  ] BEAT 5
[F:0270 T:04.160] [GAME  ] BEAT 6
[F:0294 T:04.570] [GAME  ] BEAT 7
[F:0319 T:04.980] [GAME  ] BEAT 8
[F:0341 T:05.340] [PLAYER] WAIT delaying 0.867s (aiming for Perfect)
[F:0341 T:05.340] [PLAYER] PERCEIVE obstacle=1 kind=ShapeGate shape=Triangle lane=2 dist=797px
[F:0341 T:05.340] [PLAYER] PLAN action=Triangle+lane react=0.867s arrival=6.617s
[F:0343 T:05.390] [GAME  ] BEAT 9
[F:0367 T:05.800] [GAME  ] BEAT 10
[F:0392 T:06.200] [PLAYER] EXECUTE key_2(Triangle) for obstacle=1
[F:0392 T:06.220] [GAME  ] BEAT 11
[F:0393 T:06.220] [PLAYER] EXECUTE key_d(SwipeRight) for obstacle=1
[F:0411 T:06.540] [GAME  ] COLLISION obstacle=1 kind=ShapeGate result=CLEAR timing=Good(0.72)
[F:0415 T:06.600] [PLAYER] WAIT delaying 0.838s (aiming for Perfect)
[F:0415 T:06.600] [PLAYER] PERCEIVE obstacle=2 kind=ShapeGate shape=Triangle lane=-1 dist=797px
[F:0415 T:06.600] [PLAYER] PLAN action=Triangle react=0.838s arrival=7.848s
[F:0415 T:06.620] [GAME  ] BEAT 12
[F:0440 T:07.040] [GAME  ] BEAT 13
[F:0464 T:07.430] [PLAYER] EXECUTE key_2(Triangle) for obstacle=2
[F:0464 T:07.440] [GAME  ] BEAT 14
[F:0484 T:07.780] [GAME  ] COLLISION obstacle=2 kind=ShapeGate result=CLEAR timing=Perfect(0.79)
[F:0488 T:07.850] [GAME  ] BEAT 15
[F:0511 T:08.230] [PLAYER] PERCEIVE obstacle=1048577 kind=LaneBlock shape=Hexagon lane=-1 dist=797px
[F:0511 T:08.230] [PLAYER] PLAN action= react=0.316s arrival=9.489s
[F:0512 T:08.260] [GAME  ] BEAT 16
[F:0536 T:08.670] [GAME  ] BEAT 17
[F:0560 T:09.080] [GAME  ] BEAT 18
[F:0581 T:09.430] [GAME  ] COLLISION obstacle=1048577 kind=LaneBlock result=CLEAR
[F:0582 T:09.430] [PLAYER] WAIT delaying 0.880s (aiming for Perfect)
[F:0582 T:09.430] [PLAYER] PERCEIVE obstacle=2097155 kind=ShapeGate shape=Square lane=1 dist=797px
[F:0582 T:09.430] [PLAYER] PLAN action=Square+lane react=0.880s arrival=10.720s
[F:0585 T:09.500] [GAME  ] BEAT 19
[F:0608 T:09.900] [GAME  ] BEAT 20
[F:0633 T:10.300] [PLAYER] EXECUTE key_3(Square) for obstacle=2097155
[F:0633 T:10.320] [GAME  ] BEAT 21
[F:0634 T:10.320] [PLAYER] EXECUTE key_a(SwipeLeft) for obstacle=2097155
[F:0652 T:10.640] [GAME  ] COLLISION obstacle=2097155 kind=ShapeGate result=CLEAR timing=Good(0.72)
[F:0658 T:10.740] [GAME  ] BEAT 22
[F:0681 T:11.110] [PLAYER] WAIT delaying 0.841s (aiming for Perfect)
[F:0681 T:11.110] [PLAYER] PERCEIVE obstacle=2097153 kind=ShapeGate shape=Triangle lane=2 dist=797px
[F:0681 T:11.110] [PLAYER] PLAN action=Triangle+lane react=0.841s arrival=12.361s
[F:0682 T:11.150] [GAME  ] BEAT 23
[F:0706 T:11.560] [GAME  ] BEAT 24
[F:0729 T:11.930] [PLAYER] WAIT delaying 0.842s (aiming for Perfect)
[F:0729 T:11.930] [PLAYER] PERCEIVE obstacle=3145731 kind=ShapeGate shape=Square lane=1 dist=797px
[F:0729 T:11.930] [PLAYER] PLAN action=Square+lane react=0.842s arrival=13.182s
[F:0730 T:11.950] [PLAYER] EXECUTE key_2(Triangle) for obstacle=2097153
[F:0730 T:11.960] [GAME  ] BEAT 25
[F:0731 T:11.960] [PLAYER] EXECUTE key_d(SwipeRight) for obstacle=2097153
[F:0750 T:12.300] [GAME  ] COLLISION obstacle=2097153 kind=ShapeGate result=CLEAR timing=Perfect(0.79)
[F:0754 T:12.370] [GAME  ] BEAT 26
[F:0778 T:12.760] [PLAYER] EXECUTE key_3(Square) for obstacle=3145731
[F:0778 T:12.780] [GAME  ] BEAT 27
[F:0779 T:12.780] [PLAYER] EXECUTE key_a(SwipeLeft) for obstacle=3145731
[F:0799 T:13.130] [GAME  ] COLLISION obstacle=3145731 kind=ShapeGate result=CLEAR timing=Perfect(0.82)
[F:0803 T:13.200] [GAME  ] BEAT 28
[F:0825 T:13.560] [PLAYER] WAIT delaying 0.853s (aiming for Perfect)
[F:0825 T:13.560] [PLAYER] PERCEIVE obstacle=3145729 kind=ShapeGate shape=Square lane=-1 dist=797px
[F:0825 T:13.560] [PLAYER] PLAN action=Square react=0.853s arrival=14.823s
[F:0827 T:13.610] [GAME  ] BEAT 29
[F:0851 T:14.010] [GAME  ] BEAT 30
[F:0873 T:14.370] [PLAYER] WAIT delaying 0.863s (aiming for Perfect)
[F:0873 T:14.370] [PLAYER] PERCEIVE obstacle=4194307 kind=ShapeGate shape=Circle lane=0 dist=797px
[F:0873 T:14.370] [PLAYER] PLAN action=Circle+lane react=0.863s arrival=15.644s
[F:0875 T:14.400] [PLAYER] EXECUTE key_3(Square) for obstacle=3145729
[F:0875 T:14.420] [GAME  ] BEAT 31
[F:0895 T:14.760] [GAME  ] COLLISION obstacle=3145729 kind=ShapeGate result=CLEAR timing=Perfect(0.79)
[F:0899 T:14.830] [GAME  ] BEAT 32
[F:0923 T:15.220] [PLAYER] EXECUTE key_1(Circle) for obstacle=4194307
[F:0924 T:15.230] [PLAYER] EXECUTE key_a(SwipeLeft) for obstacle=4194307
[F:0924 T:15.250] [GAME  ] BEAT 33
[F:0943 T:15.570] [GAME  ] COLLISION obstacle=4194307 kind=ShapeGate result=CLEAR timing=Perfect(0.79)
[F:0948 T:15.660] [GAME  ] BEAT 34
[F:0972 T:16.060] [GAME  ] BEAT 35
[F:0996 T:16.470] [GAME  ] BEAT 36
[F:1020 T:16.880] [GAME  ] BEAT 37
[F:1042 T:17.230] [PLAYER] WAIT delaying 0.875s (aiming for Perfect)
[F:1042 T:17.230] [PLAYER] PERCEIVE obstacle=5242882 kind=ShapeGate shape=Square lane=1 dist=797px
[F:1042 T:17.230] [PLAYER] PLAN action=Square+lane react=0.875s arrival=18.516s
[F:1045 T:17.300] [GAME  ] BEAT 38
[F:1069 T:17.710] [GAME  ] BEAT 39
[F:1093 T:18.100] [PLAYER] EXECUTE key_3(Square) for obstacle=5242882
[F:1093 T:18.110] [GAME  ] BEAT 40
[F:1094 T:18.110] [PLAYER] EXECUTE key_d(SwipeRight) for obstacle=5242882
[F:1112 T:18.440] [GAME  ] COLLISION obstacle=5242882 kind=ShapeGate result=CLEAR timing=Perfect(0.76)
[F:1117 T:18.520] [GAME  ] BEAT 41
[F:1140 T:18.900] [PLAYER] WAIT delaying 0.847s (aiming for Perfect)
[F:1140 T:18.900] [PLAYER] PERCEIVE obstacle=2097156 kind=ShapeGate shape=Circle lane=0 dist=797px
[F:1140 T:18.900] [PLAYER] PLAN action=Circle+lane react=0.847s arrival=20.157s
[F:1141 T:18.930] [GAME  ] BEAT 42
[F:1165 T:19.340] [GAME  ] BEAT 43
[F:1189 T:19.730] [PLAYER] EXECUTE key_1(Circle) for obstacle=2097156
[F:1190 T:19.740] [PLAYER] EXECUTE key_a(SwipeLeft) for obstacle=2097156
[F:1190 T:19.760] [GAME  ] BEAT 44
[F:1209 T:20.080] [GAME  ] COLLISION obstacle=2097156 kind=ShapeGate result=CLEAR timing=Perfect(0.79)
[F:1212 T:20.120] [PLAYER] WAIT delaying 0.857s (aiming for Perfect)
[F:1212 T:20.120] [PLAYER] PERCEIVE obstacle=6291459 kind=ShapeGate shape=Square lane=1 dist=797px
[F:1212 T:20.120] [PLAYER] PLAN action=Square+lane react=0.857s arrival=21.388s
[F:1214 T:20.170] [GAME  ] BEAT 45
[F:1238 T:20.570] [GAME  ] BEAT 46
[F:1262 T:20.970] [PLAYER] EXECUTE key_3(Square) for obstacle=6291459
[F:1262 T:20.980] [GAME  ] BEAT 47
[F:1263 T:20.980] [PLAYER] EXECUTE key_d(SwipeRight) for obstacle=6291459
[F:1282 T:21.320] [GAME  ] COLLISION obstacle=6291459 kind=ShapeGate result=CLEAR timing=Perfect(0.79)
[F:1286 T:21.390] [GAME  ] BEAT 48
[F:1311 T:21.810] [GAME  ] BEAT 49
[F:1333 T:22.170] [PLAYER] WAIT delaying 0.859s (aiming for Perfect)
[F:1333 T:22.170] [PLAYER] PERCEIVE obstacle=3145732 kind=ShapeGate shape=Square lane=-1 dist=797px
[F:1333 T:22.170] [PLAYER] PLAN action=Square react=0.859s arrival=23.439s
[F:1335 T:22.220] [GAME  ] BEAT 50
[F:1359 T:22.620] [GAME  ] BEAT 51
[F:1383 T:23.020] [PLAYER] EXECUTE key_3(Square) for obstacle=3145732
[F:1383 T:23.040] [GAME  ] BEAT 52
[F:1403 T:23.380] [GAME  ] COLLISION obstacle=3145732 kind=ShapeGate result=CLEAR timing=Perfect(0.79)
[F:1406 T:23.410] [PLAYER] WAIT delaying 0.850s (aiming for Perfect)
[F:1406 T:23.410] [PLAYER] PERCEIVE obstacle=8388610 kind=ShapeGate shape=Circle lane=0 dist=797px
[F:1406 T:23.410] [PLAYER] PLAN action=Circle+lane react=0.850s arrival=24.670s
[F:1407 T:23.450] [GAME  ] BEAT 53
[F:1431 T:23.850] [GAME  ] BEAT 54
[F:1454 T:24.230] [PLAYER] WAIT delaying 0.850s (aiming for Perfect)
[F:1454 T:24.230] [PLAYER] PERCEIVE obstacle=4194305 kind=ShapeGate shape=Square lane=1 dist=797px
[F:1454 T:24.230] [PLAYER] PLAN action=Square+lane react=0.850s arrival=25.490s
[F:1455 T:24.260] [GAME  ] BEAT 55
[F:1456 T:24.260] [PLAYER] EXECUTE key_1(Circle) for obstacle=8388610
[F:1457 T:24.280] [PLAYER] EXECUTE key_a(SwipeLeft) for obstacle=8388610
[F:1475 T:24.600] [GAME  ] COLLISION obstacle=8388610 kind=ShapeGate result=CLEAR timing=Good(0.72)
[F:1479 T:24.670] [GAME  ] BEAT 56
[F:1502 T:25.040] [PLAYER] WAIT delaying 0.861s (aiming for Perfect)
[F:1502 T:25.040] [PLAYER] PERCEIVE obstacle=4194308 kind=ShapeGate shape=Triangle lane=2 dist=797px
[F:1502 T:25.040] [PLAYER] PLAN action=Triangle+lane react=0.861s arrival=26.311s
[F:1504 T:25.080] [PLAYER] EXECUTE key_3(Square) for obstacle=4194305
[F:1504 T:25.090] [GAME  ] BEAT 57
[F:1505 T:25.090] [PLAYER] EXECUTE key_d(SwipeRight) for obstacle=4194305
[F:1524 T:25.430] [GAME  ] COLLISION obstacle=4194305 kind=ShapeGate result=CLEAR timing=Perfect(0.79)
[F:1528 T:25.500] [GAME  ] BEAT 58
[F:1552 T:25.890] [PLAYER] EXECUTE key_2(Triangle) for obstacle=4194308
[F:1553 T:25.900] [PLAYER] EXECUTE key_d(SwipeRight) for obstacle=4194308
[F:1553 T:25.920] [GAME  ] BEAT 59
[F:1572 T:26.240] [GAME  ] COLLISION obstacle=4194308 kind=ShapeGate result=CLEAR timing=Perfect(0.79)
[F:1577 T:26.330] [GAME  ] BEAT 60
[F:1599 T:26.680] [PLAYER] WAIT delaying 0.862s (aiming for Perfect)
[F:1599 T:26.680] [PLAYER] PERCEIVE obstacle=5242881 kind=ShapeGate shape=Square lane=1 dist=797px
[F:1599 T:26.680] [PLAYER] PLAN action=Square+lane react=0.862s arrival=27.952s
[F:1601 T:26.730] [GAME  ] BEAT 61
[F:1625 T:27.140] [GAME  ] BEAT 62
[F:1649 T:27.530] [PLAYER] EXECUTE key_3(Square) for obstacle=5242881
[F:1649 T:27.550] [GAME  ] BEAT 63
[F:1650 T:27.550] [PLAYER] EXECUTE key_a(SwipeLeft) for obstacle=5242881
[F:1669 T:27.890] [GAME  ] COLLISION obstacle=5242881 kind=ShapeGate result=CLEAR timing=Perfect(0.79)
[F:1673 T:27.960] [GAME  ] BEAT 64
[F:1698 T:28.380] [GAME  ] BEAT 65
[F:1720 T:28.730] [PLAYER] WAIT delaying 0.863s (aiming for Perfect)
[F:1720 T:28.730] [PLAYER] PERCEIVE obstacle=5242884 kind=ShapeGate shape=Square lane=-1 dist=797px
[F:1720 T:28.730] [PLAYER] PLAN action=Square react=0.863s arrival=30.004s
[F:1722 T:28.780] [GAME  ] BEAT 66
[F:1746 T:29.190] [GAME  ] BEAT 67
[F:1770 T:29.580] [PLAYER] EXECUTE key_3(Square) for obstacle=5242884
[F:1770 T:29.600] [GAME  ] BEAT 68
[F:1790 T:29.940] [GAME  ] COLLISION obstacle=5242884 kind=ShapeGate result=CLEAR timing=Perfect(0.79)
[F:1794 T:30.010] [GAME  ] BEAT 69
[F:1819 T:30.430] [GAME  ] BEAT 70
[F:1843 T:30.840] [GAME  ] BEAT 71
[F:1867 T:31.240] [GAME  ] BEAT 72
[F:1889 T:31.600] [PLAYER] WAIT delaying 0.865s (aiming for Perfect)
[F:1889 T:31.600] [PLAYER] PERCEIVE obstacle=12582915 kind=ShapeGate shape=Circle lane=0 dist=797px
[F:1889 T:31.600] [PLAYER] PLAN action=Circle+lane react=0.865s arrival=32.876s
[F:1891 T:31.650] [GAME  ] BEAT 73
[F:1915 T:32.060] [GAME  ] BEAT 74
[F:1939 T:32.470] [GAME  ] BEAT 75
[F:1940 T:32.470] [PLAYER] EXECUTE key_1(Circle) for obstacle=12582915
[F:1941 T:32.480] [PLAYER] EXECUTE key_a(SwipeLeft) for obstacle=12582915
[F:1959 T:32.800] [GAME  ] COLLISION obstacle=12582915 kind=ShapeGate result=CLEAR timing=Good(0.72)
[F:1961 T:32.820] [PLAYER] WAIT delaying 0.876s (aiming for Perfect)
[F:1961 T:32.820] [PLAYER] PERCEIVE obstacle=6291460 kind=ShapeGate shape=Circle lane=-1 dist=797px
[F:1961 T:32.820] [PLAYER] PLAN action=Circle react=0.876s arrival=34.106s
[F:1964 T:32.890] [GAME  ] BEAT 76
[F:1988 T:33.300] [GAME  ] BEAT 77
[F:2012 T:33.690] [PLAYER] EXECUTE key_1(Circle) for obstacle=6291460
[F:2012 T:33.700] [GAME  ] BEAT 78
[F:2031 T:34.020] [GAME  ] COLLISION obstacle=6291460 kind=ShapeGate result=CLEAR timing=Good(0.72)
[F:2036 T:34.110] [GAME  ] BEAT 79
[F:2060 T:34.520] [GAME  ] BEAT 80
[F:2085 T:34.940] [GAME  ] BEAT 81
[F:2108 T:35.310] [PLAYER] WAIT delaying 0.848s (aiming for Perfect)
[F:2108 T:35.310] [PLAYER] PERCEIVE obstacle=7340036 kind=ShapeGate shape=Triangle lane=2 dist=797px
[F:2108 T:35.310] [PLAYER] PLAN action=Triangle+lane react=0.848s arrival=36.568s
[F:2109 T:35.350] [GAME  ] BEAT 82
[F:2133 T:35.750] [GAME  ] BEAT 83
[F:2156 T:36.130] [PLAYER] WAIT delaying 0.848s (aiming for Perfect)
[F:2156 T:36.130] [PLAYER] PERCEIVE obstacle=8388609 kind=ShapeGate shape=Square lane=1 dist=797px
[F:2156 T:36.130] [PLAYER] PLAN action=Square+lane react=0.848s arrival=37.389s
[F:2157 T:36.140] [PLAYER] EXECUTE key_2(Triangle) for obstacle=7340036
[F:2157 T:36.160] [GAME  ] BEAT 84
[F:2158 T:36.160] [PLAYER] EXECUTE key_d(SwipeRight) for obstacle=7340036
[F:2166 T:36.300] [PLAYER] EXECUTE key_d(SwipeRight) for obstacle=7340036
[F:2178 T:36.520] [GAME  ] COLLISION obstacle=7340036 kind=ShapeGate result=CLEAR timing=Perfect(0.85)
[F:2181 T:36.570] [GAME  ] BEAT 85
[F:2204 T:36.940] [PLAYER] PERCEIVE obstacle=1048581 kind=LaneBlock shape=Hexagon lane=-1 dist=797px
[F:2204 T:36.940] [PLAYER] PLAN action= react=0.478s arrival=38.209s
[F:2206 T:36.970] [PLAYER] EXECUTE key_3(Square) for obstacle=8388609
[F:2206 T:36.990] [GAME  ] BEAT 86
[F:2207 T:36.990] [PLAYER] EXECUTE key_a(SwipeLeft) for obstacle=8388609
[F:2226 T:37.330] [GAME  ] COLLISION obstacle=8388609 kind=ShapeGate result=CLEAR timing=Perfect(0.79)
[F:2230 T:37.400] [GAME  ] BEAT 87
[F:2252 T:37.750] [PLAYER] WAIT delaying 0.870s (aiming for Perfect)
[F:2252 T:37.750] [PLAYER] PERCEIVE obstacle=8388612 kind=ShapeGate shape=Circle lane=0 dist=797px
[F:2252 T:37.750] [PLAYER] PLAN action=Circle+lane react=0.870s arrival=39.030s
[F:2254 T:37.800] [GAME  ] BEAT 88
[F:2274 T:38.140] [GAME  ] COLLISION obstacle=1048581 kind=LaneBlock result=CLEAR
[F:2278 T:38.210] [GAME  ] BEAT 89
[F:2301 T:38.580] [PLAYER] WAIT delaying 0.860s (aiming for Perfect)
[F:2301 T:38.580] [PLAYER] PERCEIVE obstacle=9437185 kind=ShapeGate shape=Square lane=1 dist=797px
[F:2301 T:38.580] [PLAYER] PLAN action=Square+lane react=0.860s arrival=39.850s
[F:2302 T:38.620] [GAME  ] BEAT 90
[F:2303 T:38.620] [PLAYER] EXECUTE key_1(Circle) for obstacle=8388612
[F:2304 T:38.630] [PLAYER] EXECUTE key_a(SwipeLeft) for obstacle=8388612
[F:2322 T:38.960] [GAME  ] COLLISION obstacle=8388612 kind=ShapeGate result=CLEAR timing=Perfect(0.76)
[F:2327 T:39.040] [GAME  ] BEAT 91
[F:2350 T:39.410] [PLAYER] WAIT delaying 0.851s (aiming for Perfect)
[F:2350 T:39.410] [PLAYER] PERCEIVE obstacle=2097157 kind=ShapeGate shape=Square lane=-1 dist=797px
[F:2350 T:39.410] [PLAYER] PLAN action=Square react=0.851s arrival=40.671s
[F:2351 T:39.430] [PLAYER] EXECUTE key_3(Square) for obstacle=9437185
[F:2351 T:39.450] [GAME  ] BEAT 92
[F:2352 T:39.450] [PLAYER] EXECUTE key_d(SwipeRight) for obstacle=9437185
[F:2370 T:39.770] [GAME  ] COLLISION obstacle=9437185 kind=ShapeGate result=CLEAR timing=Good(0.72)
[F:2376 T:39.870] [GAME  ] BEAT 93
[F:2399 T:40.240] [PLAYER] WAIT delaying 0.841s (aiming for Perfect)
[F:2399 T:40.240] [PLAYER] PERCEIVE obstacle=9437188 kind=ShapeGate shape=Triangle lane=2 dist=797px
[F:2399 T:40.240] [PLAYER] PLAN action=Triangle+lane react=0.841s arrival=41.492s
[F:2400 T:40.260] [PLAYER] EXECUTE key_3(Square) for obstacle=2097157
[F:2400 T:40.280] [GAME  ] BEAT 94
[F:2420 T:40.620] [GAME  ] COLLISION obstacle=2097157 kind=ShapeGate result=CLEAR timing=Perfect(0.79)
[F:2424 T:40.680] [GAME  ] BEAT 95
[F:2447 T:41.060] [PLAYER] WAIT delaying 0.842s (aiming for Perfect)
[F:2447 T:41.060] [PLAYER] PERCEIVE obstacle=11534338 kind=ShapeGate shape=Triangle lane=-1 dist=797px
[F:2447 T:41.060] [PLAYER] PLAN action=Triangle react=0.842s arrival=42.312s
[F:2448 T:41.070] [PLAYER] EXECUTE key_2(Triangle) for obstacle=9437188
[F:2448 T:41.090] [GAME  ] BEAT 96
[F:2449 T:41.090] [PLAYER] EXECUTE key_d(SwipeRight) for obstacle=9437188
[F:2469 T:41.450] [GAME  ] COLLISION obstacle=9437188 kind=ShapeGate result=CLEAR timing=Perfect(0.85)
[F:2472 T:41.500] [GAME  ] BEAT 97
[F:2494 T:41.850] [PLAYER] PERCEIVE obstacle=16777219 kind=LaneBlock shape=Hexagon lane=1 dist=797px
[F:2494 T:41.850] [PLAYER] PLAN action=+lane react=0.347s arrival=43.133s
[F:2496 T:41.890] [PLAYER] EXECUTE key_2(Triangle) for obstacle=11534338
[F:2496 T:41.910] [GAME  ] BEAT 98
[F:2514 T:42.190] [PLAYER] EXECUTE key_a(SwipeLeft) for obstacle=16777219
[F:2517 T:42.260] [GAME  ] COLLISION obstacle=11534338 kind=ShapeGate result=MISS
[F:2548 T:42.260] [PLAYER] AUTO_START phase=GameOver
[F:2549 T:42.260] [PLAYER] AUTO_START phase=GameOver
[F:2650 T:01.700] [GAME  ] BEAT 0
[F:2674 T:02.120] [GAME  ] BEAT 1
[F:2698 T:02.520] [GAME  ] BEAT 2
[F:2722 T:02.930] [GAME  ] BEAT 3
[F:2746 T:03.350] [GAME  ] BEAT 4
[F:2770 T:03.760] [GAME  ] BEAT 5
[F:2794 T:04.160] [GAME  ] BEAT 6
[F:2818 T:04.570] [GAME  ] BEAT 7
[F:2842 T:04.980] [GAME  ] BEAT 8
[F:2864 T:05.330] [PLAYER] WAIT delaying 0.877s (aiming for Perfect)
[F:2864 T:05.330] [PLAYER] PERCEIVE obstacle=12582913 kind=ShapeGate shape=Triangle lane=2 dist=797px
[F:2864 T:05.330] [PLAYER] PLAN action=Triangle+lane react=0.877s arrival=6.617s
[F:2867 T:05.400] [GAME  ] BEAT 9
[F:2891 T:05.810] [GAME  ] BEAT 10
[F:2915 T:06.200] [PLAYER] EXECUTE key_2(Triangle) for obstacle=12582913
[F:2915 T:06.210] [GAME  ] BEAT 11
[F:2916 T:06.210] [PLAYER] EXECUTE key_d(SwipeRight) for obstacle=12582913
[F:2934 T:06.530] [GAME  ] COLLISION obstacle=12582913 kind=ShapeGate result=CLEAR timing=Good(0.72)
[F:2937 T:06.570] [PLAYER] WAIT delaying 0.868s (aiming for Perfect)
[F:2937 T:06.570] [PLAYER] PERCEIVE obstacle=17825795 kind=ShapeGate shape=Triangle lane=-1 dist=797px
[F:2937 T:06.570] [PLAYER] PLAN action=Triangle react=0.868s arrival=7.848s
[F:2939 T:06.620] [GAME  ] BEAT 12
[F:2963 T:07.030] [GAME  ] BEAT 13
[F:2988 T:07.430] [PLAYER] EXECUTE key_2(Triangle) for obstacle=17825795
[F:2988 T:07.450] [GAME  ] BEAT 14
[F:3007 T:07.770] [GAME  ] COLLISION obstacle=17825795 kind=ShapeGate result=CLEAR timing=Good(0.72)
[F:3012 T:07.860] [GAME  ] BEAT 15
[F:3035 T:08.230] [PLAYER] PERCEIVE obstacle=13631489 kind=LaneBlock shape=Hexagon lane=-1 dist=797px
[F:3035 T:08.230] [PLAYER] PLAN action= react=0.320s arrival=9.489s
[F:3036 T:08.260] [GAME  ] BEAT 16
